<?xml version="1.0" encoding="UTF-8"?>
<testsuites name="TS_Placement" time="361.98" tests="3" failures="0" errors="0">
   <testsuite name="TS_Placement" tests="3" failures="0" errors="0" time="361.98" skipped="0" timestamp="2023-10-21 09:17:30" hostname="winyeay - DESKTOP-ES8BCCF.mshome.net" id="Test Suites/TS_Placement">
      <properties>
         <property name="deviceName" value=""/>
         <property name="devicePlatform" value=""/>
         <property name="logFolder" value="C:\\Users\\winyeay\\Katalon Studio\\vascomm_automation_test\\Reports\\20231021_091712\\TS_Placement\\20231021_091712"/>
         <property name="logFiles" value="C:\\Users\\winyeay\\Katalon Studio\\vascomm_automation_test\\Reports\\20231021_091712\\TS_Placement\\20231021_091712\\execution0.log"/>
         <property name="attachments" value="C:\\Users\\winyeay\\Katalon Studio\\vascomm_automation_test\\Reports\\20231021_091712\\TS_Placement\\20231021_091712\\1697854781987.png, C:\\Users\\winyeay\\Katalon Studio\\vascomm_automation_test\\Reports\\20231021_091712\\TS_Placement\\20231021_091712\\1697854895972.png, C:\\Users\\winyeay\\Katalon Studio\\vascomm_automation_test\\Reports\\20231021_091712\\TS_Placement\\20231021_091712\\1697854989676.png"/>
         <property name="hostName" value="winyeay - DESKTOP-ES8BCCF.mshome.net"/>
         <property name="os" value="Windows 10 64bit"/>
         <property name="katalonVersion" value="8.6.8.208"/>
         <property name="browser" value="Chrome 118.0.0.0"/>
         <property name="hostAddress" value="192.168.128.1"/>
         <property name="sessionId" value="b0f4449983a33f73e4c1d95af3f41991"/>
         <property name="seleniumVersion" value="3.141.59"/>
         <property name="proxyInformation" value="ProxyInformation { proxyOption=NO_PROXY, proxyServerType=HTTP, username=, password=********, proxyServerAddress=, proxyServerPort=0, executionList=&quot;&quot;, isApplyToDesiredCapabilities=true }"/>
         <property name="platform" value="Windows 10"/>
      </properties>
      <testcase name="Test Cases/Master Data/TC_Placements" time="146.957" classname="Test Cases/Master Data/TC_Placements" status="PASSED">
         <system-out><![CDATA[2023-10-21 09:17:32 - [TEST_CASE][PASSED] - Test Cases/Master Data/TC_Placements: Test Cases/Master Data/TC_Placements

2023-10-21 09:17:35 - [TEST_STEP][PASSED] - openBrowser(""): Browser is opened with url: ''

2023-10-21 09:17:37 - [MESSAGE][INFO] - Starting 'Chrome' driver

2023-10-21 09:17:37 - [MESSAGE][INFO] - Action delay is set to 0 milliseconds

2023-10-21 09:17:51 - [MESSAGE][PASSED] - Browser is opened with url: ''

2023-10-21 09:17:51 - [TEST_STEP][PASSED] - callTestCase(findTestCase("Login/Login"), [:], STOP_ON_FAILURE): Call Test Case 'Test Cases/Login/Login' successfully

2023-10-21 09:17:52 - [TEST_CASE][PASSED] - Test Cases/Login/Login: Test Cases/Login/Login

2023-10-21 09:18:00 - [TEST_STEP][PASSED] - openBrowser(""): Browser is opened with url: ''

2023-10-21 09:18:00 - [MESSAGE][WARNING] - A browser is already opened. Closing browser and opening a new one

2023-10-21 09:18:13 - [MESSAGE][INFO] - Starting 'Chrome' driver

2023-10-21 09:18:13 - [MESSAGE][INFO] - Action delay is set to 0 milliseconds

2023-10-21 09:18:25 - [MESSAGE][PASSED] - Browser is opened with url: ''

2023-10-21 09:18:25 - [TEST_STEP][PASSED] - navigateToUrl("https://career.vasdev.co.id/login"): Navigate to 'https://career.vasdev.co.id/login' successfully

2023-10-21 09:18:29 - [MESSAGE][PASSED] - Navigate to 'https://career.vasdev.co.id/login' successfully

2023-10-21 09:18:29 - [TEST_STEP][PASSED] - setText(findTestObject("Object Repository/Login/Page_EZ Recruit/input_EZ Recruit_email"), "qa.testvascomm@gmail.com"): Text 'qa.testvascomm@gmail.com' is set on object 'Object Repository/Login/Page_EZ Recruit/input_EZ Recruit_email'

2023-10-21 09:18:50 - [MESSAGE][PASSED] - Text 'qa.testvascomm@gmail.com' is set on object 'Object Repository/Login/Page_EZ Recruit/input_EZ Recruit_email'

2023-10-21 09:18:50 - [TEST_STEP][PASSED] - rightClick(findTestObject("Object Repository/Login/Page_EZ Recruit/input_EZ Recruit_email")): Object: 'Object Repository/Login/Page_EZ Recruit/input_EZ Recruit_email' is right clicked on

2023-10-21 09:18:52 - [MESSAGE][PASSED] - Object: 'Object Repository/Login/Page_EZ Recruit/input_EZ Recruit_email' is right clicked on

2023-10-21 09:18:52 - [TEST_STEP][PASSED] - click(findTestObject("Object Repository/Login/Page_EZ Recruit/h3_EZ Recruit")): Object: 'Object Repository/Login/Page_EZ Recruit/h3_EZ Recruit' is clicked on

2023-10-21 09:18:54 - [MESSAGE][PASSED] - Object: 'Object Repository/Login/Page_EZ Recruit/h3_EZ Recruit' is clicked on

2023-10-21 09:18:54 - [TEST_STEP][PASSED] - setEncryptedText(findTestObject("Object Repository/Login/Page_EZ Recruit/input_EZ Recruit_password"), "6XHz08Y29ykdB4CZ3GpyWg=="): Text ****** has been set on object 'Object Repository/Login/Page_EZ Recruit/input_EZ Recruit_password'

2023-10-21 09:18:59 - [MESSAGE][PASSED] - Text ****** has been set on object 'Object Repository/Login/Page_EZ Recruit/input_EZ Recruit_password'

2023-10-21 09:18:59 - [TEST_STEP][PASSED] - click(findTestObject("Object Repository/Login/Page_EZ Recruit/button_Login")): Object: 'Object Repository/Login/Page_EZ Recruit/button_Login' is clicked on

2023-10-21 09:19:12 - [MESSAGE][PASSED] - Object: 'Object Repository/Login/Page_EZ Recruit/button_Login' is clicked on

2023-10-21 09:19:12 - [MESSAGE][PASSED] - Call Test Case 'Test Cases/Login/Login' successfully

2023-10-21 09:19:12 - [TEST_STEP][PASSED] - click(findTestObject("Object Repository/Placement/Page_Admin Page/span_Master Data")): Object: 'Object Repository/Placement/Page_Admin Page/span_Master Data' is clicked on

2023-10-21 09:19:17 - [MESSAGE][PASSED] - Object: 'Object Repository/Placement/Page_Admin Page/span_Master Data' is clicked on

2023-10-21 09:19:17 - [TEST_STEP][PASSED] - click(findTestObject("Object Repository/Placement/Page_Admin Page/a_Placements")): Object: 'Object Repository/Placement/Page_Admin Page/a_Placements' is clicked on

2023-10-21 09:19:26 - [MESSAGE][PASSED] - Object: 'Object Repository/Placement/Page_Admin Page/a_Placements' is clicked on

2023-10-21 09:19:26 - [TEST_STEP][PASSED] - setText(findTestObject("Object Repository/Placement/Page_Admin Page/input_Add New Placement_search"), placement): Text 'jakarta' is set on object 'Object Repository/Placement/Page_Admin Page/input_Add New Placement_search'

2023-10-21 09:19:33 - [MESSAGE][PASSED] - Text 'jakarta' is set on object 'Object Repository/Placement/Page_Admin Page/input_Add New Placement_search'

2023-10-21 09:19:33 - [TEST_STEP][PASSED] - click(findTestObject("Object Repository/Placement/Page_Admin Page/button_Search")): Object: 'Object Repository/Placement/Page_Admin Page/button_Search' is clicked on

2023-10-21 09:19:37 - [MESSAGE][PASSED] - Object: 'Object Repository/Placement/Page_Admin Page/button_Search' is clicked on

2023-10-21 09:19:37 - [TEST_STEP][PASSED] - if (placement == "jakarta"): Taking screenshot successfully

2023-10-21 09:19:37 - [TEST_STEP][PASSED] - verifyElementVisible(findTestObject("Placement/VerifyObject/Page_Admin Page/td_On Site Jakarta")): Object 'Object Repository/Placement/VerifyObject/Page_Admin Page/td_On Site Jakarta' is visible

2023-10-21 09:19:40 - [MESSAGE][PASSED] - Object 'Object Repository/Placement/VerifyObject/Page_Admin Page/td_On Site Jakarta' is visible

2023-10-21 09:19:40 - [TEST_STEP][PASSED] - markPassed("Pass"): Pass

2023-10-21 09:19:40 - [MESSAGE][PASSED] - Pass

2023-10-21 09:19:40 - [TEST_STEP][PASSED] - takeFullPageScreenshot(): Taking screenshot successfully

2023-10-21 09:19:48 - [MESSAGE][INFO] - 0 hidden object(s)

2023-10-21 09:19:51 - [MESSAGE][PASSED] - Taking screenshot successfully
[[ATTACHMENT|C:\\Users\\winyeay\\Katalon Studio\\vascomm_automation_test\\Reports\\20231021_091712\\TS_Placement\\20231021_091712\\1697854781987.png]]

2023-10-21 09:19:51 - [TEST_STEP][PASSED] - closeBrowser(): Browser is closed

2023-10-21 09:19:59 - [MESSAGE][PASSED] - Browser is closed]]></system-out>
         <system-err><![CDATA[]]></system-err>
      </testcase>
      <testcase name="Test Cases/Master Data/TC_Placements" time="126.87" classname="Test Cases/Master Data/TC_Placements" status="PASSED">
         <system-out><![CDATA[2023-10-21 09:19:59 - [TEST_CASE][PASSED] - Test Cases/Master Data/TC_Placements: Test Cases/Master Data/TC_Placements

2023-10-21 09:19:59 - [TEST_STEP][PASSED] - openBrowser(""): Browser is opened with url: ''

2023-10-21 09:20:00 - [MESSAGE][INFO] - Starting 'Chrome' driver

2023-10-21 09:20:00 - [MESSAGE][INFO] - Action delay is set to 0 milliseconds

2023-10-21 09:20:10 - [MESSAGE][PASSED] - Browser is opened with url: ''

2023-10-21 09:20:10 - [TEST_STEP][PASSED] - callTestCase(findTestCase("Login/Login"), [:], STOP_ON_FAILURE): Call Test Case 'Test Cases/Login/Login' successfully

2023-10-21 09:20:11 - [TEST_CASE][PASSED] - Test Cases/Login/Login: Test Cases/Login/Login

2023-10-21 09:20:11 - [TEST_STEP][PASSED] - openBrowser(""): Browser is opened with url: ''

2023-10-21 09:20:11 - [MESSAGE][WARNING] - A browser is already opened. Closing browser and opening a new one

2023-10-21 09:20:22 - [MESSAGE][INFO] - Starting 'Chrome' driver

2023-10-21 09:20:22 - [MESSAGE][INFO] - Action delay is set to 0 milliseconds

2023-10-21 09:20:34 - [MESSAGE][PASSED] - Browser is opened with url: ''

2023-10-21 09:20:34 - [TEST_STEP][PASSED] - navigateToUrl("https://career.vasdev.co.id/login"): Navigate to 'https://career.vasdev.co.id/login' successfully

2023-10-21 09:20:37 - [MESSAGE][PASSED] - Navigate to 'https://career.vasdev.co.id/login' successfully

2023-10-21 09:20:37 - [TEST_STEP][PASSED] - setText(findTestObject("Object Repository/Login/Page_EZ Recruit/input_EZ Recruit_email"), "qa.testvascomm@gmail.com"): Text 'qa.testvascomm@gmail.com' is set on object 'Object Repository/Login/Page_EZ Recruit/input_EZ Recruit_email'

2023-10-21 09:20:54 - [MESSAGE][PASSED] - Text 'qa.testvascomm@gmail.com' is set on object 'Object Repository/Login/Page_EZ Recruit/input_EZ Recruit_email'

2023-10-21 09:20:54 - [TEST_STEP][PASSED] - rightClick(findTestObject("Object Repository/Login/Page_EZ Recruit/input_EZ Recruit_email")): Object: 'Object Repository/Login/Page_EZ Recruit/input_EZ Recruit_email' is right clicked on

2023-10-21 09:20:57 - [MESSAGE][PASSED] - Object: 'Object Repository/Login/Page_EZ Recruit/input_EZ Recruit_email' is right clicked on

2023-10-21 09:20:57 - [TEST_STEP][PASSED] - click(findTestObject("Object Repository/Login/Page_EZ Recruit/h3_EZ Recruit")): Object: 'Object Repository/Login/Page_EZ Recruit/h3_EZ Recruit' is clicked on

2023-10-21 09:20:58 - [MESSAGE][PASSED] - Object: 'Object Repository/Login/Page_EZ Recruit/h3_EZ Recruit' is clicked on

2023-10-21 09:20:58 - [TEST_STEP][PASSED] - setEncryptedText(findTestObject("Object Repository/Login/Page_EZ Recruit/input_EZ Recruit_password"), "6XHz08Y29ykdB4CZ3GpyWg=="): Text ****** has been set on object 'Object Repository/Login/Page_EZ Recruit/input_EZ Recruit_password'

2023-10-21 09:21:02 - [MESSAGE][PASSED] - Text ****** has been set on object 'Object Repository/Login/Page_EZ Recruit/input_EZ Recruit_password'

2023-10-21 09:21:02 - [TEST_STEP][PASSED] - click(findTestObject("Object Repository/Login/Page_EZ Recruit/button_Login")): Object: 'Object Repository/Login/Page_EZ Recruit/button_Login' is clicked on

2023-10-21 09:21:10 - [MESSAGE][PASSED] - Object: 'Object Repository/Login/Page_EZ Recruit/button_Login' is clicked on

2023-10-21 09:21:10 - [MESSAGE][PASSED] - Call Test Case 'Test Cases/Login/Login' successfully

2023-10-21 09:21:10 - [TEST_STEP][PASSED] - click(findTestObject("Object Repository/Placement/Page_Admin Page/span_Master Data")): Object: 'Object Repository/Placement/Page_Admin Page/span_Master Data' is clicked on

2023-10-21 09:21:12 - [MESSAGE][PASSED] - Object: 'Object Repository/Placement/Page_Admin Page/span_Master Data' is clicked on

2023-10-21 09:21:12 - [TEST_STEP][PASSED] - click(findTestObject("Object Repository/Placement/Page_Admin Page/a_Placements")): Object: 'Object Repository/Placement/Page_Admin Page/a_Placements' is clicked on

2023-10-21 09:21:21 - [MESSAGE][PASSED] - Object: 'Object Repository/Placement/Page_Admin Page/a_Placements' is clicked on

2023-10-21 09:21:21 - [TEST_STEP][PASSED] - setText(findTestObject("Object Repository/Placement/Page_Admin Page/input_Add New Placement_search"), placement): Text 'waru' is set on object 'Object Repository/Placement/Page_Admin Page/input_Add New Placement_search'

2023-10-21 09:21:28 - [MESSAGE][PASSED] - Text 'waru' is set on object 'Object Repository/Placement/Page_Admin Page/input_Add New Placement_search'

2023-10-21 09:21:28 - [TEST_STEP][PASSED] - click(findTestObject("Object Repository/Placement/Page_Admin Page/button_Search")): Object: 'Object Repository/Placement/Page_Admin Page/button_Search' is clicked on

2023-10-21 09:21:33 - [MESSAGE][PASSED] - Object: 'Object Repository/Placement/Page_Admin Page/button_Search' is clicked on

2023-10-21 09:21:33 - [TEST_STEP][PASSED] - if (placement == "jakarta"): null

2023-10-21 09:21:33 - [TEST_STEP][PASSED] - else if (placement == "waru"): Taking screenshot successfully

2023-10-21 09:21:33 - [TEST_STEP][PASSED] - verifyElementVisible(findTestObject("Placement/VerifyObject/Page_Admin Page/td_On Site Waru")): Object 'Object Repository/Placement/VerifyObject/Page_Admin Page/td_On Site Waru' is visible

2023-10-21 09:21:35 - [MESSAGE][PASSED] - Object 'Object Repository/Placement/VerifyObject/Page_Admin Page/td_On Site Waru' is visible

2023-10-21 09:21:35 - [TEST_STEP][PASSED] - markPassed("Pass"): Pass

2023-10-21 09:21:35 - [MESSAGE][PASSED] - Pass

2023-10-21 09:21:35 - [TEST_STEP][PASSED] - takeFullPageScreenshot(): Taking screenshot successfully

2023-10-21 09:21:39 - [MESSAGE][INFO] - 0 hidden object(s)

2023-10-21 09:21:41 - [MESSAGE][PASSED] - Taking screenshot successfully
[[ATTACHMENT|C:\\Users\\winyeay\\Katalon Studio\\vascomm_automation_test\\Reports\\20231021_091712\\TS_Placement\\20231021_091712\\1697854895972.png]]

2023-10-21 09:21:41 - [TEST_STEP][PASSED] - closeBrowser(): Browser is closed

2023-10-21 09:22:06 - [MESSAGE][PASSED] - Browser is closed]]></system-out>
         <system-err><![CDATA[]]></system-err>
      </testcase>
      <testcase name="Test Cases/Master Data/TC_Placements" time="85.18" classname="Test Cases/Master Data/TC_Placements" status="PASSED">
         <system-out><![CDATA[2023-10-21 09:22:06 - [TEST_CASE][PASSED] - Test Cases/Master Data/TC_Placements: Test Cases/Master Data/TC_Placements

2023-10-21 09:22:07 - [TEST_STEP][PASSED] - openBrowser(""): Browser is opened with url: ''

2023-10-21 09:22:07 - [MESSAGE][INFO] - Starting 'Chrome' driver

2023-10-21 09:22:07 - [MESSAGE][INFO] - Action delay is set to 0 milliseconds

2023-10-21 09:22:14 - [MESSAGE][PASSED] - Browser is opened with url: ''

2023-10-21 09:22:14 - [TEST_STEP][PASSED] - callTestCase(findTestCase("Login/Login"), [:], STOP_ON_FAILURE): Call Test Case 'Test Cases/Login/Login' successfully

2023-10-21 09:22:15 - [TEST_CASE][PASSED] - Test Cases/Login/Login: Test Cases/Login/Login

2023-10-21 09:22:15 - [TEST_STEP][PASSED] - openBrowser(""): Browser is opened with url: ''

2023-10-21 09:22:15 - [MESSAGE][WARNING] - A browser is already opened. Closing browser and opening a new one

2023-10-21 09:22:18 - [MESSAGE][INFO] - Starting 'Chrome' driver

2023-10-21 09:22:18 - [MESSAGE][INFO] - Action delay is set to 0 milliseconds

2023-10-21 09:22:25 - [MESSAGE][PASSED] - Browser is opened with url: ''

2023-10-21 09:22:25 - [TEST_STEP][PASSED] - navigateToUrl("https://career.vasdev.co.id/login"): Navigate to 'https://career.vasdev.co.id/login' successfully

2023-10-21 09:22:36 - [MESSAGE][PASSED] - Navigate to 'https://career.vasdev.co.id/login' successfully

2023-10-21 09:22:36 - [TEST_STEP][PASSED] - setText(findTestObject("Object Repository/Login/Page_EZ Recruit/input_EZ Recruit_email"), "qa.testvascomm@gmail.com"): Text 'qa.testvascomm@gmail.com' is set on object 'Object Repository/Login/Page_EZ Recruit/input_EZ Recruit_email'

2023-10-21 09:22:40 - [MESSAGE][PASSED] - Text 'qa.testvascomm@gmail.com' is set on object 'Object Repository/Login/Page_EZ Recruit/input_EZ Recruit_email'

2023-10-21 09:22:40 - [TEST_STEP][PASSED] - rightClick(findTestObject("Object Repository/Login/Page_EZ Recruit/input_EZ Recruit_email")): Object: 'Object Repository/Login/Page_EZ Recruit/input_EZ Recruit_email' is right clicked on

2023-10-21 09:22:41 - [MESSAGE][PASSED] - Object: 'Object Repository/Login/Page_EZ Recruit/input_EZ Recruit_email' is right clicked on

2023-10-21 09:22:41 - [TEST_STEP][PASSED] - click(findTestObject("Object Repository/Login/Page_EZ Recruit/h3_EZ Recruit")): Object: 'Object Repository/Login/Page_EZ Recruit/h3_EZ Recruit' is clicked on

2023-10-21 09:22:43 - [MESSAGE][PASSED] - Object: 'Object Repository/Login/Page_EZ Recruit/h3_EZ Recruit' is clicked on

2023-10-21 09:22:43 - [TEST_STEP][PASSED] - setEncryptedText(findTestObject("Object Repository/Login/Page_EZ Recruit/input_EZ Recruit_password"), "6XHz08Y29ykdB4CZ3GpyWg=="): Text ****** has been set on object 'Object Repository/Login/Page_EZ Recruit/input_EZ Recruit_password'

2023-10-21 09:22:44 - [MESSAGE][PASSED] - Text ****** has been set on object 'Object Repository/Login/Page_EZ Recruit/input_EZ Recruit_password'

2023-10-21 09:22:44 - [TEST_STEP][PASSED] - click(findTestObject("Object Repository/Login/Page_EZ Recruit/button_Login")): Object: 'Object Repository/Login/Page_EZ Recruit/button_Login' is clicked on

2023-10-21 09:22:52 - [MESSAGE][PASSED] - Object: 'Object Repository/Login/Page_EZ Recruit/button_Login' is clicked on

2023-10-21 09:22:52 - [MESSAGE][PASSED] - Call Test Case 'Test Cases/Login/Login' successfully

2023-10-21 09:22:52 - [TEST_STEP][PASSED] - click(findTestObject("Object Repository/Placement/Page_Admin Page/span_Master Data")): Object: 'Object Repository/Placement/Page_Admin Page/span_Master Data' is clicked on

2023-10-21 09:22:54 - [MESSAGE][PASSED] - Object: 'Object Repository/Placement/Page_Admin Page/span_Master Data' is clicked on

2023-10-21 09:22:55 - [TEST_STEP][PASSED] - click(findTestObject("Object Repository/Placement/Page_Admin Page/a_Placements")): Object: 'Object Repository/Placement/Page_Admin Page/a_Placements' is clicked on

2023-10-21 09:23:00 - [MESSAGE][PASSED] - Object: 'Object Repository/Placement/Page_Admin Page/a_Placements' is clicked on

2023-10-21 09:23:00 - [TEST_STEP][PASSED] - setText(findTestObject("Object Repository/Placement/Page_Admin Page/input_Add New Placement_search"), placement): Text 'malang' is set on object 'Object Repository/Placement/Page_Admin Page/input_Add New Placement_search'

2023-10-21 09:23:04 - [MESSAGE][PASSED] - Text 'malang' is set on object 'Object Repository/Placement/Page_Admin Page/input_Add New Placement_search'

2023-10-21 09:23:04 - [TEST_STEP][PASSED] - click(findTestObject("Object Repository/Placement/Page_Admin Page/button_Search")): Object: 'Object Repository/Placement/Page_Admin Page/button_Search' is clicked on

2023-10-21 09:23:07 - [MESSAGE][PASSED] - Object: 'Object Repository/Placement/Page_Admin Page/button_Search' is clicked on

2023-10-21 09:23:07 - [TEST_STEP][PASSED] - if (placement == "jakarta"): null

2023-10-21 09:23:07 - [TEST_STEP][PASSED] - else if (placement == "waru"): null

2023-10-21 09:23:07 - [TEST_STEP][PASSED] - else if (placement == "malang"): Taking screenshot successfully

2023-10-21 09:23:07 - [TEST_STEP][PASSED] - verifyElementVisible(findTestObject("Placement/VerifyObject/Page_Admin Page/td_On Site Malang")): Object 'Object Repository/Placement/VerifyObject/Page_Admin Page/td_On Site Malang' is visible

2023-10-21 09:23:09 - [MESSAGE][PASSED] - Object 'Object Repository/Placement/VerifyObject/Page_Admin Page/td_On Site Malang' is visible

2023-10-21 09:23:09 - [TEST_STEP][PASSED] - markPassed("Pass"): Pass

2023-10-21 09:23:09 - [MESSAGE][PASSED] - Pass

2023-10-21 09:23:09 - [TEST_STEP][PASSED] - takeFullPageScreenshot(): Taking screenshot successfully

2023-10-21 09:23:13 - [MESSAGE][INFO] - 0 hidden object(s)

2023-10-21 09:23:14 - [MESSAGE][PASSED] - Taking screenshot successfully
[[ATTACHMENT|C:\\Users\\winyeay\\Katalon Studio\\vascomm_automation_test\\Reports\\20231021_091712\\TS_Placement\\20231021_091712\\1697854989676.png]]

2023-10-21 09:23:14 - [TEST_STEP][PASSED] - closeBrowser(): Browser is closed

2023-10-21 09:23:31 - [MESSAGE][PASSED] - Browser is closed]]></system-out>
         <system-err><![CDATA[]]></system-err>
      </testcase>
      <system-out><![CDATA[2023-10-21 09:17:30 - [TEST_SUITE][PASSED] - TS_Placement: Test Cases/Master Data/TC_Placements]]></system-out>
      <system-err><![CDATA[]]></system-err>
   </testsuite>
</testsuites>
