<?xml version="1.0" encoding="UTF-8"?>
<testsuites name="TS_Vacancies" time="161.346" tests="2" failures="0" errors="0">
   <testsuite name="TS_Vacancies" tests="2" failures="0" errors="0" time="161.346" skipped="0" timestamp="2023-10-21 09:14:08" hostname="winyeay - DESKTOP-ES8BCCF.mshome.net" id="Test Suites/TS_Vacancies">
      <properties>
         <property name="deviceName" value=""/>
         <property name="devicePlatform" value=""/>
         <property name="logFolder" value="C:\\Users\\winyeay\\Katalon Studio\\vascomm_automation_test\\Reports\\20231021_091350\\TS_Vacancies\\20231021_091350"/>
         <property name="logFiles" value="C:\\Users\\winyeay\\Katalon Studio\\vascomm_automation_test\\Reports\\20231021_091350\\TS_Vacancies\\20231021_091350\\execution0.log"/>
         <property name="attachments" value="C:\\Users\\winyeay\\Katalon Studio\\vascomm_automation_test\\Reports\\20231021_091350\\TS_Vacancies\\20231021_091350\\1697854512342.png, C:\\Users\\winyeay\\Katalon Studio\\vascomm_automation_test\\Reports\\20231021_091350\\TS_Vacancies\\20231021_091350\\1697854598772.png"/>
         <property name="hostName" value="winyeay - DESKTOP-ES8BCCF.mshome.net"/>
         <property name="os" value="Windows 10 64bit"/>
         <property name="katalonVersion" value="8.6.8.208"/>
         <property name="browser" value="Chrome 118.0.0.0"/>
         <property name="hostAddress" value="192.168.128.1"/>
         <property name="sessionId" value="30b1f8c5c6580dd4e03a9da16048ebda"/>
         <property name="seleniumVersion" value="3.141.59"/>
         <property name="proxyInformation" value="ProxyInformation { proxyOption=NO_PROXY, proxyServerType=HTTP, username=, password=********, proxyServerAddress=, proxyServerPort=0, executionList=&quot;&quot;, isApplyToDesiredCapabilities=true }"/>
         <property name="platform" value="Windows 10"/>
      </properties>
      <testcase name="Test Cases/Vacancies/TC_Vacancies" time="71.937" classname="Test Cases/Vacancies/TC_Vacancies" status="PASSED">
         <system-out><![CDATA[2023-10-21 09:14:09 - [TEST_CASE][PASSED] - Test Cases/Vacancies/TC_Vacancies: Test Cases/Vacancies/TC_Vacancies

2023-10-21 09:14:11 - [TEST_STEP][PASSED] - openBrowser(""): Browser is opened with url: ''

2023-10-21 09:14:12 - [MESSAGE][INFO] - Starting 'Chrome' driver

2023-10-21 09:14:12 - [MESSAGE][INFO] - Action delay is set to 0 milliseconds

2023-10-21 09:14:19 - [MESSAGE][PASSED] - Browser is opened with url: ''

2023-10-21 09:14:19 - [TEST_STEP][PASSED] - callTestCase(findTestCase("Login/Login"), [:], STOP_ON_FAILURE): Call Test Case 'Test Cases/Login/Login' successfully

2023-10-21 09:14:20 - [TEST_CASE][PASSED] - Test Cases/Login/Login: Test Cases/Login/Login

2023-10-21 09:14:22 - [TEST_STEP][PASSED] - openBrowser(""): Browser is opened with url: ''

2023-10-21 09:14:22 - [MESSAGE][WARNING] - A browser is already opened. Closing browser and opening a new one

2023-10-21 09:14:25 - [MESSAGE][INFO] - Starting 'Chrome' driver

2023-10-21 09:14:25 - [MESSAGE][INFO] - Action delay is set to 0 milliseconds

2023-10-21 09:14:28 - [MESSAGE][PASSED] - Browser is opened with url: ''

2023-10-21 09:14:28 - [TEST_STEP][PASSED] - navigateToUrl("https://career.vasdev.co.id/login"): Navigate to 'https://career.vasdev.co.id/login' successfully

2023-10-21 09:14:39 - [MESSAGE][PASSED] - Navigate to 'https://career.vasdev.co.id/login' successfully

2023-10-21 09:14:39 - [TEST_STEP][PASSED] - setText(findTestObject("Object Repository/Login/Page_EZ Recruit/input_EZ Recruit_email"), "qa.testvascomm@gmail.com"): Text 'qa.testvascomm@gmail.com' is set on object 'Object Repository/Login/Page_EZ Recruit/input_EZ Recruit_email'

2023-10-21 09:14:43 - [MESSAGE][PASSED] - Text 'qa.testvascomm@gmail.com' is set on object 'Object Repository/Login/Page_EZ Recruit/input_EZ Recruit_email'

2023-10-21 09:14:44 - [TEST_STEP][PASSED] - rightClick(findTestObject("Object Repository/Login/Page_EZ Recruit/input_EZ Recruit_email")): Object: 'Object Repository/Login/Page_EZ Recruit/input_EZ Recruit_email' is right clicked on

2023-10-21 09:14:47 - [MESSAGE][PASSED] - Object: 'Object Repository/Login/Page_EZ Recruit/input_EZ Recruit_email' is right clicked on

2023-10-21 09:14:47 - [TEST_STEP][PASSED] - click(findTestObject("Object Repository/Login/Page_EZ Recruit/h3_EZ Recruit")): Object: 'Object Repository/Login/Page_EZ Recruit/h3_EZ Recruit' is clicked on

2023-10-21 09:14:49 - [MESSAGE][PASSED] - Object: 'Object Repository/Login/Page_EZ Recruit/h3_EZ Recruit' is clicked on

2023-10-21 09:14:49 - [TEST_STEP][PASSED] - setEncryptedText(findTestObject("Object Repository/Login/Page_EZ Recruit/input_EZ Recruit_password"), "6XHz08Y29ykdB4CZ3GpyWg=="): Text ****** has been set on object 'Object Repository/Login/Page_EZ Recruit/input_EZ Recruit_password'

2023-10-21 09:14:52 - [MESSAGE][PASSED] - Text ****** has been set on object 'Object Repository/Login/Page_EZ Recruit/input_EZ Recruit_password'

2023-10-21 09:14:52 - [TEST_STEP][PASSED] - click(findTestObject("Object Repository/Login/Page_EZ Recruit/button_Login")): Object: 'Object Repository/Login/Page_EZ Recruit/button_Login' is clicked on

2023-10-21 09:15:01 - [MESSAGE][PASSED] - Object: 'Object Repository/Login/Page_EZ Recruit/button_Login' is clicked on

2023-10-21 09:15:01 - [MESSAGE][PASSED] - Call Test Case 'Test Cases/Login/Login' successfully

2023-10-21 09:15:01 - [TEST_STEP][PASSED] - click(findTestObject("Object Repository/Vacancies/Page_Admin Page/a_Vacancies")): Object: 'Object Repository/Vacancies/Page_Admin Page/a_Vacancies' is clicked on

2023-10-21 09:15:06 - [MESSAGE][PASSED] - Object: 'Object Repository/Vacancies/Page_Admin Page/a_Vacancies' is clicked on

2023-10-21 09:15:06 - [TEST_STEP][PASSED] - setText(findTestObject("Object Repository/Vacancies/Page_Admin Page/input_Filter_search"), vacancy): Text 'purchasing' is set on object 'Object Repository/Vacancies/Page_Admin Page/input_Filter_search'

2023-10-21 09:15:08 - [MESSAGE][PASSED] - Text 'purchasing' is set on object 'Object Repository/Vacancies/Page_Admin Page/input_Filter_search'

2023-10-21 09:15:08 - [TEST_STEP][PASSED] - click(findTestObject("Object Repository/Vacancies/Page_Admin Page/button_Search")): Object: 'Object Repository/Vacancies/Page_Admin Page/button_Search' is clicked on

2023-10-21 09:15:09 - [MESSAGE][PASSED] - Object: 'Object Repository/Vacancies/Page_Admin Page/button_Search' is clicked on

2023-10-21 09:15:09 - [TEST_STEP][PASSED] - if (vacancy == "purchasing"): Taking screenshot successfully

2023-10-21 09:15:09 - [TEST_STEP][PASSED] - verifyElementVisible(findTestObject("Vacancies/VerifyObject/Page_Admin Page/td_Staf Purchasing")): Object 'Object Repository/Vacancies/VerifyObject/Page_Admin Page/td_Staf Purchasing' is visible

2023-10-21 09:15:11 - [MESSAGE][PASSED] - Object 'Object Repository/Vacancies/VerifyObject/Page_Admin Page/td_Staf Purchasing' is visible

2023-10-21 09:15:11 - [TEST_STEP][PASSED] - markPassed("Pass"): Pass

2023-10-21 09:15:12 - [MESSAGE][PASSED] - Pass

2023-10-21 09:15:12 - [TEST_STEP][PASSED] - takeFullPageScreenshot(): Taking screenshot successfully

2023-10-21 09:15:15 - [MESSAGE][INFO] - 0 hidden object(s)

2023-10-21 09:15:18 - [MESSAGE][PASSED] - Taking screenshot successfully
[[ATTACHMENT|C:\\Users\\winyeay\\Katalon Studio\\vascomm_automation_test\\Reports\\20231021_091350\\TS_Vacancies\\20231021_091350\\1697854512342.png]]

2023-10-21 09:15:18 - [TEST_STEP][PASSED] - closeBrowser(): Browser is closed

2023-10-21 09:15:21 - [MESSAGE][PASSED] - Browser is closed]]></system-out>
         <system-err><![CDATA[]]></system-err>
      </testcase>
      <testcase name="Test Cases/Vacancies/TC_Vacancies" time="87.833" classname="Test Cases/Vacancies/TC_Vacancies" status="PASSED">
         <system-out><![CDATA[2023-10-21 09:15:22 - [TEST_CASE][PASSED] - Test Cases/Vacancies/TC_Vacancies: Test Cases/Vacancies/TC_Vacancies

2023-10-21 09:15:22 - [TEST_STEP][PASSED] - openBrowser(""): Browser is opened with url: ''

2023-10-21 09:15:22 - [MESSAGE][INFO] - Starting 'Chrome' driver

2023-10-21 09:15:22 - [MESSAGE][INFO] - Action delay is set to 0 milliseconds

2023-10-21 09:15:30 - [MESSAGE][PASSED] - Browser is opened with url: ''

2023-10-21 09:15:30 - [TEST_STEP][PASSED] - callTestCase(findTestCase("Login/Login"), [:], STOP_ON_FAILURE): Call Test Case 'Test Cases/Login/Login' successfully

2023-10-21 09:15:30 - [TEST_CASE][PASSED] - Test Cases/Login/Login: Test Cases/Login/Login

2023-10-21 09:15:30 - [TEST_STEP][PASSED] - openBrowser(""): Browser is opened with url: ''

2023-10-21 09:15:30 - [MESSAGE][WARNING] - A browser is already opened. Closing browser and opening a new one

2023-10-21 09:15:35 - [MESSAGE][INFO] - Starting 'Chrome' driver

2023-10-21 09:15:35 - [MESSAGE][INFO] - Action delay is set to 0 milliseconds

2023-10-21 09:15:42 - [MESSAGE][PASSED] - Browser is opened with url: ''

2023-10-21 09:15:42 - [TEST_STEP][PASSED] - navigateToUrl("https://career.vasdev.co.id/login"): Navigate to 'https://career.vasdev.co.id/login' successfully

2023-10-21 09:16:00 - [MESSAGE][PASSED] - Navigate to 'https://career.vasdev.co.id/login' successfully

2023-10-21 09:16:00 - [TEST_STEP][PASSED] - setText(findTestObject("Object Repository/Login/Page_EZ Recruit/input_EZ Recruit_email"), "qa.testvascomm@gmail.com"): Text 'qa.testvascomm@gmail.com' is set on object 'Object Repository/Login/Page_EZ Recruit/input_EZ Recruit_email'

2023-10-21 09:16:04 - [MESSAGE][PASSED] - Text 'qa.testvascomm@gmail.com' is set on object 'Object Repository/Login/Page_EZ Recruit/input_EZ Recruit_email'

2023-10-21 09:16:04 - [TEST_STEP][PASSED] - rightClick(findTestObject("Object Repository/Login/Page_EZ Recruit/input_EZ Recruit_email")): Object: 'Object Repository/Login/Page_EZ Recruit/input_EZ Recruit_email' is right clicked on

2023-10-21 09:16:08 - [MESSAGE][PASSED] - Object: 'Object Repository/Login/Page_EZ Recruit/input_EZ Recruit_email' is right clicked on

2023-10-21 09:16:08 - [TEST_STEP][PASSED] - click(findTestObject("Object Repository/Login/Page_EZ Recruit/h3_EZ Recruit")): Object: 'Object Repository/Login/Page_EZ Recruit/h3_EZ Recruit' is clicked on

2023-10-21 09:16:10 - [MESSAGE][PASSED] - Object: 'Object Repository/Login/Page_EZ Recruit/h3_EZ Recruit' is clicked on

2023-10-21 09:16:10 - [TEST_STEP][PASSED] - setEncryptedText(findTestObject("Object Repository/Login/Page_EZ Recruit/input_EZ Recruit_password"), "6XHz08Y29ykdB4CZ3GpyWg=="): Text ****** has been set on object 'Object Repository/Login/Page_EZ Recruit/input_EZ Recruit_password'

2023-10-21 09:16:13 - [MESSAGE][PASSED] - Text ****** has been set on object 'Object Repository/Login/Page_EZ Recruit/input_EZ Recruit_password'

2023-10-21 09:16:13 - [TEST_STEP][PASSED] - click(findTestObject("Object Repository/Login/Page_EZ Recruit/button_Login")): Object: 'Object Repository/Login/Page_EZ Recruit/button_Login' is clicked on

2023-10-21 09:16:23 - [MESSAGE][PASSED] - Object: 'Object Repository/Login/Page_EZ Recruit/button_Login' is clicked on

2023-10-21 09:16:23 - [MESSAGE][PASSED] - Call Test Case 'Test Cases/Login/Login' successfully

2023-10-21 09:16:23 - [TEST_STEP][PASSED] - click(findTestObject("Object Repository/Vacancies/Page_Admin Page/a_Vacancies")): Object: 'Object Repository/Vacancies/Page_Admin Page/a_Vacancies' is clicked on

2023-10-21 09:16:29 - [MESSAGE][PASSED] - Object: 'Object Repository/Vacancies/Page_Admin Page/a_Vacancies' is clicked on

2023-10-21 09:16:29 - [TEST_STEP][PASSED] - setText(findTestObject("Object Repository/Vacancies/Page_Admin Page/input_Filter_search"), vacancy): Text 'accounting' is set on object 'Object Repository/Vacancies/Page_Admin Page/input_Filter_search'

2023-10-21 09:16:32 - [MESSAGE][PASSED] - Text 'accounting' is set on object 'Object Repository/Vacancies/Page_Admin Page/input_Filter_search'

2023-10-21 09:16:32 - [TEST_STEP][PASSED] - click(findTestObject("Object Repository/Vacancies/Page_Admin Page/button_Search")): Object: 'Object Repository/Vacancies/Page_Admin Page/button_Search' is clicked on

2023-10-21 09:16:35 - [MESSAGE][PASSED] - Object: 'Object Repository/Vacancies/Page_Admin Page/button_Search' is clicked on

2023-10-21 09:16:35 - [TEST_STEP][PASSED] - if (vacancy == "purchasing"): null

2023-10-21 09:16:35 - [TEST_STEP][PASSED] - else if (vacancy == "accounting"): Taking screenshot successfully

2023-10-21 09:16:35 - [TEST_STEP][PASSED] - verifyElementVisible(findTestObject("Vacancies/VerifyObject/Page_Admin Page/td_Accounting Staf")): Object 'Object Repository/Vacancies/VerifyObject/Page_Admin Page/td_Accounting Staf' is visible

2023-10-21 09:16:38 - [MESSAGE][PASSED] - Object 'Object Repository/Vacancies/VerifyObject/Page_Admin Page/td_Accounting Staf' is visible

2023-10-21 09:16:38 - [TEST_STEP][PASSED] - markPassed("Pass"): Pass

2023-10-21 09:16:38 - [MESSAGE][PASSED] - Pass

2023-10-21 09:16:38 - [TEST_STEP][PASSED] - takeFullPageScreenshot(): Taking screenshot successfully

2023-10-21 09:16:43 - [MESSAGE][INFO] - 0 hidden object(s)

2023-10-21 09:16:45 - [MESSAGE][PASSED] - Taking screenshot successfully
[[ATTACHMENT|C:\\Users\\winyeay\\Katalon Studio\\vascomm_automation_test\\Reports\\20231021_091350\\TS_Vacancies\\20231021_091350\\1697854598772.png]]

2023-10-21 09:16:45 - [TEST_STEP][PASSED] - closeBrowser(): Browser is closed

2023-10-21 09:16:49 - [MESSAGE][PASSED] - Browser is closed]]></system-out>
         <system-err><![CDATA[]]></system-err>
      </testcase>
      <system-out><![CDATA[2023-10-21 09:14:08 - [TEST_SUITE][PASSED] - TS_Vacancies: Test Cases/Vacancies/TC_Vacancies]]></system-out>
      <system-err><![CDATA[]]></system-err>
   </testsuite>
</testsuites>
